<?xml version="1.0" encoding="UTF-8"?>
<testsuite name="com.asciibooks.BookSpec" tests="1" skipped="0" failures="0" errors="0" timestamp="2019-09-02T10:01:17" hostname="jfreaks" time="0.001">
  <properties/>
  <testcase name="test something" classname="com.asciibooks.BookSpec" time="0.001"/>
  <system-out><![CDATA[]]></system-out>
  <system-err><![CDATA[]]></system-err>
</testsuite>
